[04/28/17  4:03 PM] /Users/kristen/PycharmProjects/proj/ImportantThings/ImportantThings/github_stuff/path_stuff.py INFO  [local('/Users/kristen/PycharmProjects/proj/mdls/.archives'), local('/Users/kristen/PycharmProjects/proj/mdls/.git'), local('/Users/kristen/PycharmProjects/proj/mdls/.github'), local('/Users/kristen/PycharmProjects/proj/mdls/docs'), local('/Users/kristen/PycharmProjects/proj/mdls/mdls'), local('/Users/kristen/PycharmProjects/proj/mdls/tests')] <ipython-input-7086-accc1cc1967a>:gen (26)
[04/28/17  4:03 PM] /Users/kristen/PycharmProjects/proj/ImportantThings/ImportantThings/github_stuff/path_stuff.py INFO  []    <ipython-input-7086-accc1cc1967a>:gen (26)
[04/28/17  4:03 PM] /Users/kristen/PycharmProjects/proj/ImportantThings/ImportantThings/github_stuff/path_stuff.py INFO  [local('/Users/kristen/PycharmProjects/proj/mdls/.git/hooks'), local('/Users/kristen/PycharmProjects/proj/mdls/.git/info'), local('/Users/kristen/PycharmProjects/proj/mdls/.git/logs'), local('/Users/kristen/PycharmProjects/proj/mdls/.git/objects'), local('/Users/kristen/PycharmProjects/proj/mdls/.git/refs')] <ipython-input-7086-accc1cc1967a>:gen (26)
[04/28/17  4:03 PM] /Users/kristen/PycharmProjects/proj/ImportantThings/ImportantThings/github_stuff/path_stuff.py INFO  []    <ipython-input-7086-accc1cc1967a>:gen (26)
[04/28/17  4:03 PM] /Users/kristen/PycharmProjects/proj/ImportantThings/ImportantThings/github_stuff/path_stuff.py INFO  []    <ipython-input-7086-accc1cc1967a>:gen (26)
[04/28/17  4:03 PM] /Users/kristen/PycharmProjects/proj/ImportantThings/ImportantThings/github_stuff/path_stuff.py INFO  [local('/Users/kristen/PycharmProjects/proj/mdls/.git/logs/refs')] <ipython-input-7086-accc1cc1967a>:gen (26)
[04/28/17  4:03 PM] /Users/kristen/PycharmProjects/proj/ImportantThings/ImportantThings/github_stuff/path_stuff.py INFO  [local('/Users/kristen/PycharmProjects/proj/mdls/.git/logs/refs/heads'), local('/Users/kristen/PycharmProjects/proj/mdls/.git/logs/refs/remotes')] <ipython-input-7086-accc1cc1967a>:gen (26)
[04/28/17  4:03 PM] /Users/kristen/PycharmProjects/proj/ImportantThings/ImportantThings/github_stuff/path_stuff.py INFO  []    <ipython-input-7086-accc1cc1967a>:gen (26)
[04/28/17  4:03 PM] /Users/kristen/PycharmProjects/proj/ImportantThings/ImportantThings/github_stuff/path_stuff.py INFO  [local('/Users/kristen/PycharmProjects/proj/mdls/.git/logs/refs/remotes/upstream')] <ipython-input-7086-accc1cc1967a>:gen (26)
[04/28/17  4:03 PM] /Users/kristen/PycharmProjects/proj/ImportantThings/ImportantThings/github_stuff/path_stuff.py INFO  []    <ipython-input-7086-accc1cc1967a>:gen (26)
[04/28/17  4:03 PM] /Users/kristen/PycharmProjects/proj/ImportantThings/ImportantThings/github_stuff/path_stuff.py INFO  [local('/Users/kristen/PycharmProjects/proj/mdls/.git/objects/05'), local('/Users/kristen/PycharmProjects/proj/mdls/.git/objects/07'), local('/Users/kristen/PycharmProjects/proj/mdls/.git/objects/0a'), local('/Users/kristen/PycharmProjects/proj/mdls/.git/objects/0f'), local('/Users/kristen/PycharmProjects/proj/mdls/.git/objects/12'), local('/Users/kristen/PycharmProjects/proj/mdls/.git/objects/16'), local('/Users/kristen/PycharmProjects/proj/mdls/.git/objects/17'), local('/Users/kristen/PycharmProjects/proj/mdls/.git/objects/1e'), local('/Users/kristen/PycharmProjects/proj/mdls/.git/objects/20'), local('/Users/kristen/PycharmProjects/proj/mdls/.git/objects/23'), local('/Users/kristen/PycharmProjects/proj/mdls/.git/objects/25'), local('/Users/kristen/PycharmProjects/proj/mdls/.git/objects/2f'), local('/Users/kristen/PycharmProjects/proj/mdls/.git/objects/35'), local('/Users/kristen/PycharmProjects/proj/mdls/.git/objects/37'), local('/Users/kristen/PycharmProjects/proj/mdls/.git/objects/39'), local('/Users/kristen/PycharmProjects/proj/mdls/.git/objects/40'), local('/Users/kristen/PycharmProjects/proj/mdls/.git/objects/41'), local('/Users/kristen/PycharmProjects/proj/mdls/.git/objects/43'), local('/Users/kristen/PycharmProjects/proj/mdls/.git/objects/5a'), local('/Users/kristen/PycharmProjects/proj/mdls/.git/objects/5c'), local('/Users/kristen/PycharmProjects/proj/mdls/.git/objects/5f'), local('/Users/kristen/PycharmProjects/proj/mdls/.git/objects/60'), local('/Users/kristen/PycharmProjects/proj/mdls/.git/objects/63'), local('/Users/kristen/PycharmProjects/proj/mdls/.git/objects/66'), local('/Users/kristen/PycharmProjects/proj/mdls/.git/objects/6a'), local('/Users/kristen/PycharmProjects/proj/mdls/.git/objects/6d'), local('/Users/kristen/PycharmProjects/proj/mdls/.git/objects/71'), local('/Users/kristen/PycharmProjects/proj/mdls/.git/objects/72'), local('/Users/kristen/PycharmProjects/proj/mdls/.git/objects/75'), local('/Users/kristen/PycharmProjects/proj/mdls/.git/objects/76'), local('/Users/kristen/PycharmProjects/proj/mdls/.git/objects/83'), local('/Users/kristen/PycharmProjects/proj/mdls/.git/objects/84'), local('/Users/kristen/PycharmProjects/proj/mdls/.git/objects/98'), local('/Users/kristen/PycharmProjects/proj/mdls/.git/objects/a3'), local('/Users/kristen/PycharmProjects/proj/mdls/.git/objects/a8'), local('/Users/kristen/PycharmProjects/proj/mdls/.git/objects/aa'), local('/Users/kristen/PycharmProjects/proj/mdls/.git/objects/ae'), local('/Users/kristen/PycharmProjects/proj/mdls/.git/objects/b0'), local('/Users/kristen/PycharmProjects/proj/mdls/.git/objects/b3'), local('/Users/kristen/PycharmProjects/proj/mdls/.git/objects/b6'), local('/Users/kristen/PycharmProjects/proj/mdls/.git/objects/b8'), local('/Users/kristen/PycharmProjects/proj/mdls/.git/objects/bd'), local('/Users/kristen/PycharmProjects/proj/mdls/.git/objects/c3'), local('/Users/kristen/PycharmProjects/proj/mdls/.git/objects/c5'), local('/Users/kristen/PycharmProjects/proj/mdls/.git/objects/c7'), local('/Users/kristen/PycharmProjects/proj/mdls/.git/objects/c8'), local('/Users/kristen/PycharmProjects/proj/mdls/.git/objects/cd'), local('/Users/kristen/PycharmProjects/proj/mdls/.git/objects/d4'), local('/Users/kristen/PycharmProjects/proj/mdls/.git/objects/d5'), local('/Users/kristen/PycharmProjects/proj/mdls/.git/objects/e1'), local('/Users/kristen/PycharmProjects/proj/mdls/.git/objects/e2'), local('/Users/kristen/PycharmProjects/proj/mdls/.git/objects/e5'), local('/Users/kristen/PycharmProjects/proj/mdls/.git/objects/eb'), local('/Users/kristen/PycharmProjects/proj/mdls/.git/objects/ed'), local('/Users/kristen/PycharmProjects/proj/mdls/.git/objects/ee'), local('/Users/kristen/PycharmProjects/proj/mdls/.git/objects/f5'), local('/Users/kristen/PycharmProjects/proj/mdls/.git/objects/f8'), local('/Users/kristen/PycharmProjects/proj/mdls/.git/objects/fc'), local('/Users/kristen/PycharmProjects/proj/mdls/.git/objects/fd'), local('/Users/kristen/PycharmProjects/proj/mdls/.git/objects/fe'), local('/Users/kristen/PycharmProjects/proj/mdls/.git/objects/info'), local('/Users/kristen/PycharmProjects/proj/mdls/.git/objects/pack')] <ipython-input-7086-accc1cc1967a>:gen (26)
[04/28/17  4:03 PM] /Users/kristen/PycharmProjects/proj/ImportantThings/ImportantThings/github_stuff/path_stuff.py INFO  []    <ipython-input-7086-accc1cc1967a>:gen (26)
[04/28/17  4:03 PM] /Users/kristen/PycharmProjects/proj/ImportantThings/ImportantThings/github_stuff/path_stuff.py INFO  []    <ipython-input-7086-accc1cc1967a>:gen (26)
[04/28/17  4:03 PM] /Users/kristen/PycharmProjects/proj/ImportantThings/ImportantThings/github_stuff/path_stuff.py INFO  []    <ipython-input-7086-accc1cc1967a>:gen (26)
[04/28/17  4:03 PM] /Users/kristen/PycharmProjects/proj/ImportantThings/ImportantThings/github_stuff/path_stuff.py INFO  []    <ipython-input-7086-accc1cc1967a>:gen (26)
[04/28/17  4:03 PM] /Users/kristen/PycharmProjects/proj/ImportantThings/ImportantThings/github_stuff/path_stuff.py INFO  []    <ipython-input-7086-accc1cc1967a>:gen (26)
[04/28/17  4:03 PM] /Users/kristen/PycharmProjects/proj/ImportantThings/ImportantThings/github_stuff/path_stuff.py INFO  []    <ipython-input-7086-accc1cc1967a>:gen (26)
[04/28/17  4:03 PM] /Users/kristen/PycharmProjects/proj/ImportantThings/ImportantThings/github_stuff/path_stuff.py INFO  []    <ipython-input-7086-accc1cc1967a>:gen (26)
[04/28/17  4:03 PM] /Users/kristen/PycharmProjects/proj/ImportantThings/ImportantThings/github_stuff/path_stuff.py INFO  []    <ipython-input-7086-accc1cc1967a>:gen (26)
[04/28/17  4:03 PM] /Users/kristen/PycharmProjects/proj/ImportantThings/ImportantThings/github_stuff/path_stuff.py INFO  []    <ipython-input-7086-accc1cc1967a>:gen (26)
[04/28/17  4:03 PM] /Users/kristen/PycharmProjects/proj/ImportantThings/ImportantThings/github_stuff/path_stuff.py INFO  []    <ipython-input-7086-accc1cc1967a>:gen (26)
[04/28/17  4:03 PM] /Users/kristen/PycharmProjects/proj/ImportantThings/ImportantThings/github_stuff/path_stuff.py INFO  []    <ipython-input-7086-accc1cc1967a>:gen (26)
[04/28/17  4:03 PM] /Users/kristen/PycharmProjects/proj/ImportantThings/ImportantThings/github_stuff/path_stuff.py INFO  []    <ipython-input-7086-accc1cc1967a>:gen (26)
[04/28/17  4:03 PM] /Users/kristen/PycharmProjects/proj/ImportantThings/ImportantThings/github_stuff/path_stuff.py INFO  []    <ipython-input-7086-accc1cc1967a>:gen (26)
[04/28/17  4:03 PM] /Users/kristen/PycharmProjects/proj/ImportantThings/ImportantThings/github_stuff/path_stuff.py INFO  []    <ipython-input-7086-accc1cc1967a>:gen (26)
[04/28/17  4:03 PM] /Users/kristen/PycharmProjects/proj/ImportantThings/ImportantThings/github_stuff/path_stuff.py INFO  []    <ipython-input-7086-accc1cc1967a>:gen (26)
[04/28/17  4:03 PM] /Users/kristen/PycharmProjects/proj/ImportantThings/ImportantThings/github_stuff/path_stuff.py INFO  []    <ipython-input-7086-accc1cc1967a>:gen (26)
[04/28/17  4:03 PM] /Users/kristen/PycharmProjects/proj/ImportantThings/ImportantThings/github_stuff/path_stuff.py INFO  []    <ipython-input-7086-accc1cc1967a>:gen (26)
[04/28/17  4:03 PM] /Users/kristen/PycharmProjects/proj/ImportantThings/ImportantThings/github_stuff/path_stuff.py INFO  []    <ipython-input-7086-accc1cc1967a>:gen (26)
[04/28/17  4:03 PM] /Users/kristen/PycharmProjects/proj/ImportantThings/ImportantThings/github_stuff/path_stuff.py INFO  []    <ipython-input-7086-accc1cc1967a>:gen (26)
[04/28/17  4:03 PM] /Users/kristen/PycharmProjects/proj/ImportantThings/ImportantThings/github_stuff/path_stuff.py INFO  []    <ipython-input-7086-accc1cc1967a>:gen (26)
[04/28/17  4:03 PM] /Users/kristen/PycharmProjects/proj/ImportantThings/ImportantThings/github_stuff/path_stuff.py INFO  []    <ipython-input-7086-accc1cc1967a>:gen (26)
[04/28/17  4:03 PM] /Users/kristen/PycharmProjects/proj/ImportantThings/ImportantThings/github_stuff/path_stuff.py INFO  []    <ipython-input-7086-accc1cc1967a>:gen (26)
[04/28/17  4:03 PM] /Users/kristen/PycharmProjects/proj/ImportantThings/ImportantThings/github_stuff/path_stuff.py INFO  []    <ipython-input-7086-accc1cc1967a>:gen (26)
[04/28/17  4:03 PM] /Users/kristen/PycharmProjects/proj/ImportantThings/ImportantThings/github_stuff/path_stuff.py INFO  []    <ipython-input-7086-accc1cc1967a>:gen (26)
[04/28/17  4:03 PM] /Users/kristen/PycharmProjects/proj/ImportantThings/ImportantThings/github_stuff/path_stuff.py INFO  []    <ipython-input-7086-accc1cc1967a>:gen (26)
[04/28/17  4:03 PM] /Users/kristen/PycharmProjects/proj/ImportantThings/ImportantThings/github_stuff/path_stuff.py INFO  []    <ipython-input-7086-accc1cc1967a>:gen (26)
[04/28/17  4:03 PM] /Users/kristen/PycharmProjects/proj/ImportantThings/ImportantThings/github_stuff/path_stuff.py INFO  []    <ipython-input-7086-accc1cc1967a>:gen (26)
[04/28/17  4:03 PM] /Users/kristen/PycharmProjects/proj/ImportantThings/ImportantThings/github_stuff/path_stuff.py INFO  []    <ipython-input-7086-accc1cc1967a>:gen (26)
[04/28/17  4:03 PM] /Users/kristen/PycharmProjects/proj/ImportantThings/ImportantThings/github_stuff/path_stuff.py INFO  []    <ipython-input-7086-accc1cc1967a>:gen (26)
[04/28/17  4:03 PM] /Users/kristen/PycharmProjects/proj/ImportantThings/ImportantThings/github_stuff/path_stuff.py INFO  []    <ipython-input-7086-accc1cc1967a>:gen (26)
[04/28/17  4:03 PM] /Users/kristen/PycharmProjects/proj/ImportantThings/ImportantThings/github_stuff/path_stuff.py INFO  []    <ipython-input-7086-accc1cc1967a>:gen (26)
[04/28/17  4:03 PM] /Users/kristen/PycharmProjects/proj/ImportantThings/ImportantThings/github_stuff/path_stuff.py INFO  []    <ipython-input-7086-accc1cc1967a>:gen (26)
[04/28/17  4:03 PM] /Users/kristen/PycharmProjects/proj/ImportantThings/ImportantThings/github_stuff/path_stuff.py INFO  []    <ipython-input-7086-accc1cc1967a>:gen (26)
[04/28/17  4:03 PM] /Users/kristen/PycharmProjects/proj/ImportantThings/ImportantThings/github_stuff/path_stuff.py INFO  []    <ipython-input-7086-accc1cc1967a>:gen (26)
[04/28/17  4:03 PM] /Users/kristen/PycharmProjects/proj/ImportantThings/ImportantThings/github_stuff/path_stuff.py INFO  []    <ipython-input-7086-accc1cc1967a>:gen (26)
[04/28/17  4:03 PM] /Users/kristen/PycharmProjects/proj/ImportantThings/ImportantThings/github_stuff/path_stuff.py INFO  []    <ipython-input-7086-accc1cc1967a>:gen (26)
[04/28/17  4:03 PM] /Users/kristen/PycharmProjects/proj/ImportantThings/ImportantThings/github_stuff/path_stuff.py INFO  []    <ipython-input-7086-accc1cc1967a>:gen (26)
[04/28/17  4:03 PM] /Users/kristen/PycharmProjects/proj/ImportantThings/ImportantThings/github_stuff/path_stuff.py INFO  []    <ipython-input-7086-accc1cc1967a>:gen (26)
[04/28/17  4:03 PM] /Users/kristen/PycharmProjects/proj/ImportantThings/ImportantThings/github_stuff/path_stuff.py INFO  []    <ipython-input-7086-accc1cc1967a>:gen (26)
[04/28/17  4:03 PM] /Users/kristen/PycharmProjects/proj/ImportantThings/ImportantThings/github_stuff/path_stuff.py INFO  []    <ipython-input-7086-accc1cc1967a>:gen (26)
[04/28/17  4:03 PM] /Users/kristen/PycharmProjects/proj/ImportantThings/ImportantThings/github_stuff/path_stuff.py INFO  []    <ipython-input-7086-accc1cc1967a>:gen (26)
[04/28/17  4:03 PM] /Users/kristen/PycharmProjects/proj/ImportantThings/ImportantThings/github_stuff/path_stuff.py INFO  []    <ipython-input-7086-accc1cc1967a>:gen (26)
[04/28/17  4:03 PM] /Users/kristen/PycharmProjects/proj/ImportantThings/ImportantThings/github_stuff/path_stuff.py INFO  []    <ipython-input-7086-accc1cc1967a>:gen (26)
[04/28/17  4:03 PM] /Users/kristen/PycharmProjects/proj/ImportantThings/ImportantThings/github_stuff/path_stuff.py INFO  []    <ipython-input-7086-accc1cc1967a>:gen (26)
[04/28/17  4:03 PM] /Users/kristen/PycharmProjects/proj/ImportantThings/ImportantThings/github_stuff/path_stuff.py INFO  []    <ipython-input-7086-accc1cc1967a>:gen (26)
[04/28/17  4:03 PM] /Users/kristen/PycharmProjects/proj/ImportantThings/ImportantThings/github_stuff/path_stuff.py INFO  []    <ipython-input-7086-accc1cc1967a>:gen (26)
[04/28/17  4:03 PM] /Users/kristen/PycharmProjects/proj/ImportantThings/ImportantThings/github_stuff/path_stuff.py INFO  []    <ipython-input-7086-accc1cc1967a>:gen (26)
[04/28/17  4:03 PM] /Users/kristen/PycharmProjects/proj/ImportantThings/ImportantThings/github_stuff/path_stuff.py INFO  []    <ipython-input-7086-accc1cc1967a>:gen (26)
[04/28/17  4:03 PM] /Users/kristen/PycharmProjects/proj/ImportantThings/ImportantThings/github_stuff/path_stuff.py INFO  []    <ipython-input-7086-accc1cc1967a>:gen (26)
[04/28/17  4:03 PM] /Users/kristen/PycharmProjects/proj/ImportantThings/ImportantThings/github_stuff/path_stuff.py INFO  []    <ipython-input-7086-accc1cc1967a>:gen (26)
[04/28/17  4:03 PM] /Users/kristen/PycharmProjects/proj/ImportantThings/ImportantThings/github_stuff/path_stuff.py INFO  []    <ipython-input-7086-accc1cc1967a>:gen (26)
[04/28/17  4:03 PM] /Users/kristen/PycharmProjects/proj/ImportantThings/ImportantThings/github_stuff/path_stuff.py INFO  []    <ipython-input-7086-accc1cc1967a>:gen (26)
[04/28/17  4:03 PM] /Users/kristen/PycharmProjects/proj/ImportantThings/ImportantThings/github_stuff/path_stuff.py INFO  []    <ipython-input-7086-accc1cc1967a>:gen (26)
[04/28/17  4:03 PM] /Users/kristen/PycharmProjects/proj/ImportantThings/ImportantThings/github_stuff/path_stuff.py INFO  []    <ipython-input-7086-accc1cc1967a>:gen (26)
[04/28/17  4:03 PM] /Users/kristen/PycharmProjects/proj/ImportantThings/ImportantThings/github_stuff/path_stuff.py INFO  []    <ipython-input-7086-accc1cc1967a>:gen (26)
[04/28/17  4:03 PM] /Users/kristen/PycharmProjects/proj/ImportantThings/ImportantThings/github_stuff/path_stuff.py INFO  []    <ipython-input-7086-accc1cc1967a>:gen (26)
[04/28/17  4:03 PM] /Users/kristen/PycharmProjects/proj/ImportantThings/ImportantThings/github_stuff/path_stuff.py INFO  []    <ipython-input-7086-accc1cc1967a>:gen (26)
[04/28/17  4:03 PM] /Users/kristen/PycharmProjects/proj/ImportantThings/ImportantThings/github_stuff/path_stuff.py INFO  []    <ipython-input-7086-accc1cc1967a>:gen (26)
[04/28/17  4:03 PM] /Users/kristen/PycharmProjects/proj/ImportantThings/ImportantThings/github_stuff/path_stuff.py INFO  []    <ipython-input-7086-accc1cc1967a>:gen (26)
[04/28/17  4:03 PM] /Users/kristen/PycharmProjects/proj/ImportantThings/ImportantThings/github_stuff/path_stuff.py INFO  []    <ipython-input-7086-accc1cc1967a>:gen (26)
[04/28/17  4:03 PM] /Users/kristen/PycharmProjects/proj/ImportantThings/ImportantThings/github_stuff/path_stuff.py INFO  []    <ipython-input-7086-accc1cc1967a>:gen (26)
[04/28/17  4:03 PM] /Users/kristen/PycharmProjects/proj/ImportantThings/ImportantThings/github_stuff/path_stuff.py INFO  []    <ipython-input-7086-accc1cc1967a>:gen (26)
[04/28/17  4:03 PM] /Users/kristen/PycharmProjects/proj/ImportantThings/ImportantThings/github_stuff/path_stuff.py INFO  [local('/Users/kristen/PycharmProjects/proj/mdls/.git/refs/heads'), local('/Users/kristen/PycharmProjects/proj/mdls/.git/refs/remotes'), local('/Users/kristen/PycharmProjects/proj/mdls/.git/refs/tags')] <ipython-input-7086-accc1cc1967a>:gen (26)
[04/28/17  4:03 PM] /Users/kristen/PycharmProjects/proj/ImportantThings/ImportantThings/github_stuff/path_stuff.py INFO  []    <ipython-input-7086-accc1cc1967a>:gen (26)
[04/28/17  4:03 PM] /Users/kristen/PycharmProjects/proj/ImportantThings/ImportantThings/github_stuff/path_stuff.py INFO  [local('/Users/kristen/PycharmProjects/proj/mdls/.git/refs/remotes/upstream')] <ipython-input-7086-accc1cc1967a>:gen (26)
[04/28/17  4:03 PM] /Users/kristen/PycharmProjects/proj/ImportantThings/ImportantThings/github_stuff/path_stuff.py INFO  []    <ipython-input-7086-accc1cc1967a>:gen (26)
[04/28/17  4:03 PM] /Users/kristen/PycharmProjects/proj/ImportantThings/ImportantThings/github_stuff/path_stuff.py INFO  []    <ipython-input-7086-accc1cc1967a>:gen (26)
[04/28/17  4:03 PM] /Users/kristen/PycharmProjects/proj/ImportantThings/ImportantThings/github_stuff/path_stuff.py INFO  []    <ipython-input-7086-accc1cc1967a>:gen (26)
[04/28/17  4:03 PM] /Users/kristen/PycharmProjects/proj/ImportantThings/ImportantThings/github_stuff/path_stuff.py INFO  []    <ipython-input-7086-accc1cc1967a>:gen (26)
[04/28/17  4:03 PM] /Users/kristen/PycharmProjects/proj/ImportantThings/ImportantThings/github_stuff/path_stuff.py INFO  [local('/Users/kristen/PycharmProjects/proj/mdls/mdls/__pycache__'), local('/Users/kristen/PycharmProjects/proj/mdls/mdls/_data'), local('/Users/kristen/PycharmProjects/proj/mdls/mdls/metadata'), local('/Users/kristen/PycharmProjects/proj/mdls/mdls/mixins')] <ipython-input-7086-accc1cc1967a>:gen (26)
[04/28/17  4:03 PM] /Users/kristen/PycharmProjects/proj/ImportantThings/ImportantThings/github_stuff/path_stuff.py INFO  []    <ipython-input-7086-accc1cc1967a>:gen (26)
[04/28/17  4:03 PM] /Users/kristen/PycharmProjects/proj/ImportantThings/ImportantThings/github_stuff/path_stuff.py INFO  []    <ipython-input-7086-accc1cc1967a>:gen (26)
[04/28/17  4:03 PM] /Users/kristen/PycharmProjects/proj/ImportantThings/ImportantThings/github_stuff/path_stuff.py INFO  []    <ipython-input-7086-accc1cc1967a>:gen (26)
[04/28/17  4:03 PM] /Users/kristen/PycharmProjects/proj/ImportantThings/ImportantThings/github_stuff/path_stuff.py INFO  []    <ipython-input-7086-accc1cc1967a>:gen (26)
[04/28/17  4:03 PM] /Users/kristen/PycharmProjects/proj/ImportantThings/ImportantThings/github_stuff/path_stuff.py INFO  []    <ipython-input-7086-accc1cc1967a>:gen (26)
[04/28/17  4:04 PM] /Users/kristen/PycharmProjects/proj/ImportantThings/ImportantThings/github_stuff/path_stuff.py INFO  /Users/kristen/PycharmProjects/proj/mdls/.git <ipython-input-7089-7285b9ee6e13>:gen (29)
[04/28/17  4:04 PM] /Users/kristen/PycharmProjects/proj/ImportantThings/ImportantThings/github_stuff/path_stuff.py INFO  /Users/kristen/PycharmProjects/proj/mdls/.github <ipython-input-7089-7285b9ee6e13>:gen (29)
[04/28/17  4:04 PM] /Users/kristen/PycharmProjects/proj/ImportantThings/ImportantThings/github_stuff/path_stuff.py INFO  /Users/kristen/PycharmProjects/proj/mdls/mdls <ipython-input-7089-7285b9ee6e13>:gen (29)
[04/28/17  4:06 PM] /Users/kristen/PycharmProjects/proj/ImportantThings/ImportantThings/github_stuff/path_stuff.py INFO  /Users/kristen/PycharmProjects/proj/mdls/.git <ipython-input-7089-7285b9ee6e13>:gen (29)
[04/28/17  4:06 PM] /Users/kristen/PycharmProjects/proj/ImportantThings/ImportantThings/github_stuff/path_stuff.py INFO  /Users/kristen/PycharmProjects/proj/mdls/.github <ipython-input-7089-7285b9ee6e13>:gen (29)
[04/28/17  4:06 PM] /Users/kristen/PycharmProjects/proj/ImportantThings/ImportantThings/github_stuff/path_stuff.py INFO  /Users/kristen/PycharmProjects/proj/mdls/mdls <ipython-input-7089-7285b9ee6e13>:gen (29)
[04/28/17  4:07 PM] /Users/kristen/PycharmProjects/proj/ImportantThings/ImportantThings/github_stuff/path_stuff.py INFO  /Users/kristen/PycharmProjects/proj/mdls/.git <ipython-input-7096-404102e533ed>:gen (29)
[04/28/17  4:07 PM] /Users/kristen/PycharmProjects/proj/ImportantThings/ImportantThings/github_stuff/path_stuff.py INFO  /Users/kristen/PycharmProjects/proj/mdls/.github <ipython-input-7096-404102e533ed>:gen (29)
[04/28/17  4:07 PM] /Users/kristen/PycharmProjects/proj/ImportantThings/ImportantThings/github_stuff/path_stuff.py INFO  /Users/kristen/PycharmProjects/proj/mdls/mdls <ipython-input-7096-404102e533ed>:gen (29)
[04/28/17  4:07 PM] /Users/kristen/PycharmProjects/proj/ImportantThings/ImportantThings/github_stuff/path_stuff.py INFO  /Users/kristen/PycharmProjects/proj/mdls/.git <ipython-input-7096-404102e533ed>:gen (29)
[04/28/17  4:07 PM] /Users/kristen/PycharmProjects/proj/ImportantThings/ImportantThings/github_stuff/path_stuff.py INFO  /Users/kristen/PycharmProjects/proj/mdls/.github <ipython-input-7096-404102e533ed>:gen (29)
[04/28/17  4:07 PM] /Users/kristen/PycharmProjects/proj/ImportantThings/ImportantThings/github_stuff/path_stuff.py INFO  /Users/kristen/PycharmProjects/proj/mdls/mdls <ipython-input-7096-404102e533ed>:gen (29)
[04/28/17  4:09 PM] /Users/kristen/PycharmProjects/proj/ImportantThings/ImportantThings/github_stuff/path_stuff.py INFO  /Users/kristen/PycharmProjects/proj/mdls/.git <ipython-input-7096-404102e533ed>:gen (29)
[04/28/17  4:09 PM] /Users/kristen/PycharmProjects/proj/ImportantThings/ImportantThings/github_stuff/path_stuff.py INFO  /Users/kristen/PycharmProjects/proj/mdls/.github <ipython-input-7096-404102e533ed>:gen (29)
[04/28/17  4:09 PM] /Users/kristen/PycharmProjects/proj/ImportantThings/ImportantThings/github_stuff/path_stuff.py INFO  /Users/kristen/PycharmProjects/proj/mdls/mdls <ipython-input-7096-404102e533ed>:gen (29)
[04/28/17  4:10 PM] /Users/kristen/PycharmProjects/proj/ImportantThings/ImportantThings/github_stuff/path_stuff.py INFO  /Users/kristen/PycharmProjects/proj/mdls/.git <ipython-input-7096-404102e533ed>:gen (29)
[04/28/17  4:10 PM] /Users/kristen/PycharmProjects/proj/ImportantThings/ImportantThings/github_stuff/path_stuff.py INFO  /Users/kristen/PycharmProjects/proj/mdls/.github <ipython-input-7096-404102e533ed>:gen (29)
[04/28/17  4:10 PM] /Users/kristen/PycharmProjects/proj/ImportantThings/ImportantThings/github_stuff/path_stuff.py INFO  /Users/kristen/PycharmProjects/proj/mdls/mdls <ipython-input-7096-404102e533ed>:gen (29)
